{"timestamp":"2026-03-19T08:55:52.207932Z","level":"info","event":"DAG bundles loaded: dags-folder, example_dags","logger":"airflow.dag_processing.bundles.manager.DagBundlesManager","filename":"manager.py","lineno":179}
{"timestamp":"2026-03-19T08:55:52.211696Z","level":"info","event":"Filling up the DagBag from /opt/airflow/dags/pipeline_dag.py","logger":"airflow.models.dagbag.BundleDagBag","filename":"dagbag.py","lineno":593}
{"timestamp":"2026-03-19T08:55:52.241222Z","level":"warning","event":"The `airflow.operators.python.PythonOperator` attribute is deprecated. Please use `'airflow.providers.standard.operators.python.PythonOperator'`.","category":"DeprecatedImportWarning","filename":"/opt/airflow/dags/pipeline_dag.py","lineno":2,"logger":"py.warnings"}
{"timestamp":"2026-03-19T08:55:52.274820Z","level":"info","event":"Task instance is in running state","logger":"task.stdout"}
{"timestamp":"2026-03-19T08:55:52.275559Z","level":"info","event":" Previous state of the Task instance: TaskInstanceState.QUEUED","logger":"task.stdout"}
{"timestamp":"2026-03-19T08:55:52.276524Z","level":"info","event":"Current task name:transform","logger":"task.stdout"}
{"timestamp":"2026-03-19T08:55:52.277465Z","level":"info","event":"Dag name:etl_pipeline_final","logger":"task.stdout"}
{"timestamp":"2026-03-19T08:55:52.280172Z","level":"info","event":"Starting Transform Task","logger":"root","filename":"pipeline_dag.py","lineno":37}
{"timestamp":"2026-03-19T08:55:52.338076Z","level":"info","event":"✅ Data Transformed Successfully","logger":"root","filename":"pipeline_dag.py","lineno":47}
{"timestamp":"2026-03-19T08:55:52.339223Z","level":"info","event":"Done. Returned value was: None","logger":"airflow.task.operators.airflow.providers.standard.operators.python.PythonOperator","filename":"python.py","lineno":230}
{"timestamp":"2026-03-19T08:55:52.365777Z","level":"info","event":"Task instance in success state","logger":"task.stdout"}
{"timestamp":"2026-03-19T08:55:52.366461Z","level":"info","event":" Previous state of the Task instance: TaskInstanceState.RUNNING","logger":"task.stdout"}
{"timestamp":"2026-03-19T08:55:52.367447Z","level":"info","event":"Task operator:<Task(PythonOperator): transform>","logger":"task.stdout"}
{"timestamp":"2026-03-19T11:43:45.867972Z","level":"info","event":"DAG bundles loaded: dags-folder, example_dags","logger":"airflow.dag_processing.bundles.manager.DagBundlesManager","filename":"manager.py","lineno":179}
{"timestamp":"2026-03-19T11:43:45.872221Z","level":"info","event":"Filling up the DagBag from /opt/airflow/dags/pipeline_dag.py","logger":"airflow.models.dagbag.BundleDagBag","filename":"dagbag.py","lineno":593}
{"timestamp":"2026-03-19T11:43:45.898521Z","level":"warning","event":"The `airflow.operators.python.PythonOperator` attribute is deprecated. Please use `'airflow.providers.standard.operators.python.PythonOperator'`.","category":"DeprecatedImportWarning","filename":"/opt/airflow/dags/pipeline_dag.py","lineno":2,"logger":"py.warnings"}
{"timestamp":"2026-03-19T11:43:45.941199Z","level":"info","event":"Task instance is in running state","logger":"task.stdout"}
{"timestamp":"2026-03-19T11:43:45.941727Z","level":"info","event":" Previous state of the Task instance: TaskInstanceState.QUEUED","logger":"task.stdout"}
{"timestamp":"2026-03-19T11:43:45.942376Z","level":"info","event":"Current task name:transform","logger":"task.stdout"}
{"timestamp":"2026-03-19T11:43:45.942923Z","level":"info","event":"Dag name:etl_pipeline_final","logger":"task.stdout"}
{"timestamp":"2026-03-19T11:43:45.943862Z","level":"error","event":"Task failed with exception","logger":"task","filename":"task_runner.py","lineno":1142,"error_detail":[{"exc_type":"Exception","exc_value":"Testing Email Alert 🚨","exc_notes":[],"syntax_error":null,"is_cause":false,"frames":[{"filename":"/home/airflow/.local/lib/python3.12/site-packages/airflow/sdk/execution_time/task_runner.py","lineno":1068,"name":"run"},{"filename":"/home/airflow/.local/lib/python3.12/site-packages/airflow/sdk/execution_time/task_runner.py","lineno":1477,"name":"_execute_task"},{"filename":"/home/airflow/.local/lib/python3.12/site-packages/airflow/sdk/bases/operator.py","lineno":417,"name":"wrapper"},{"filename":"/home/airflow/.local/lib/python3.12/site-packages/airflow/providers/standard/operators/python.py","lineno":228,"name":"execute"},{"filename":"/home/airflow/.local/lib/python3.12/site-packages/airflow/providers/standard/operators/python.py","lineno":251,"name":"execute_callable"},{"filename":"/home/airflow/.local/lib/python3.12/site-packages/airflow/sdk/execution_time/callback_runner.py","lineno":82,"name":"run"},{"filename":"/opt/airflow/dags/pipeline_dag.py","lineno":25,"name":"transform"}],"is_group":false,"exceptions":[]}]}
{"timestamp":"2026-03-19T11:43:45.988316Z","level":"info","event":"Task instance in failure state","logger":"task.stdout"}
{"timestamp":"2026-03-19T11:43:45.988950Z","level":"info","event":"Task start","logger":"task.stdout"}
{"timestamp":"2026-03-19T11:43:45.989405Z","level":"info","event":"Task:<Task(PythonOperator): transform>","logger":"task.stdout"}
{"timestamp":"2026-03-19T11:43:45.989720Z","level":"info","event":"Failure caused by Testing Email Alert 🚨","logger":"task.stdout"}
{"timestamp":"2026-03-19T11:43:46.003595Z","level":"warning","event":"Using Connection.get_connection_from_secrets from `airflow.models` is deprecated.Please use `get` on Connection from sdk(`airflow.sdk.Connection`) instead","category":"DeprecationWarning","filename":"/home/airflow/.local/lib/python3.12/site-packages/airflow/models/connection.py","lineno":498,"logger":"py.warnings"}
{"timestamp":"2026-03-19T11:43:46.017863Z","level":"info","event":"Email alerting: attempt 1","logger":"airflow.utils.email","filename":"email.py","lineno":261}
{"timestamp":"2026-03-19T11:43:47.166525Z","level":"info","event":"Sent an alert email to ['pendyalabhavana15@gmail.com']","logger":"airflow.utils.email","filename":"email.py","lineno":272}
{"timestamp":"2026-03-19T11:43:47.927079Z","level":"info","event":"Email alerting: attempt 1","logger":"airflow.utils.email","filename":"email.py","lineno":261}
{"timestamp":"2026-03-19T11:43:48.726754Z","level":"info","event":"Sent an alert email to ['pendyalabhavana15@gmail.com']","logger":"airflow.utils.email","filename":"email.py","lineno":272}
{"timestamp":"2026-03-19T11:43:49.447974Z","level":"error","event":"Top level error","logger":"task","filename":"task_runner.py","lineno":1644,"error_detail":[{"exc_type":"SMTPSenderRefused","exc_value":"(530, b'5.7.0 Authentication Required. For more information, go to\\n5.7.0  https://support.google.com/accounts/troubleshooter/2402620. d9443c01a7336-2b06e5ef354sm58036435ad.48 - gsmtp', 'pendyalabhavana15@gmail.com')","exc_notes":[],"syntax_error":null,"is_cause":false,"frames":[{"filename":"/home/airflow/.local/lib/python3.12/site-packages/airflow/sdk/execution_time/task_runner.py","lineno":1639,"name":"main"},{"filename":"/home/airflow/.local/lib/python3.12/site-packages/airflow/sdk/execution_time/task_runner.py","lineno":1597,"name":"finalize"},{"filename":"/home/airflow/.local/lib/python3.12/site-packages/airflow/sdk/execution_time/task_runner.py","lineno":1429,"name":"_send_task_error_email"},{"filename":"/home/airflow/.local/lib/python3.12/site-packages/airflow/utils/email.py","lineno":79,"name":"send_email"},{"filename":"/home/airflow/.local/lib/python3.12/site-packages/airflow/utils/email.py","lineno":154,"name":"send_email_smtp"},{"filename":"/home/airflow/.local/lib/python3.12/site-packages/airflow/utils/email.py","lineno":273,"name":"send_mime_email"},{"filename":"/usr/python/lib/python3.12/smtplib.py","lineno":876,"name":"sendmail"}],"is_group":false,"exceptions":[]},{"exc_type":"SMTPSenderRefused","exc_value":"(530, b'5.7.0 Authentication Required. For more information, go to\\n5.7.0  https://support.google.com/accounts/troubleshooter/2402620. 98e67ed59e1d1-35bc62f8e55sm3105084a91.9 - gsmtp', 'pendyalabhavana15@gmail.com')","exc_notes":[],"syntax_error":null,"is_cause":false,"frames":[{"filename":"/home/airflow/.local/lib/python3.12/site-packages/airflow/sdk/execution_time/task_runner.py","lineno":1427,"name":"_send_task_error_email"},{"filename":"/home/airflow/.local/lib/python3.12/site-packages/airflow/utils/email.py","lineno":79,"name":"send_email"},{"filename":"/home/airflow/.local/lib/python3.12/site-packages/airflow/utils/email.py","lineno":154,"name":"send_email_smtp"},{"filename":"/home/airflow/.local/lib/python3.12/site-packages/airflow/utils/email.py","lineno":273,"name":"send_mime_email"},{"filename":"/usr/python/lib/python3.12/smtplib.py","lineno":876,"name":"sendmail"}],"is_group":false,"exceptions":[]}]}
{"timestamp":"2026-03-19T11:43:49.457782Z","level":"warning","event":"Process exited abnormally","exit_code":1,"logger":"task"}
