{"timestamp":"2026-03-19T08:55:50.383066Z","level":"info","event":"DAG bundles loaded: dags-folder, example_dags","logger":"airflow.dag_processing.bundles.manager.DagBundlesManager","filename":"manager.py","lineno":179}
{"timestamp":"2026-03-19T08:55:50.386357Z","level":"info","event":"Filling up the DagBag from /opt/airflow/dags/pipeline_dag.py","logger":"airflow.models.dagbag.BundleDagBag","filename":"dagbag.py","lineno":593}
{"timestamp":"2026-03-19T08:55:50.423451Z","level":"warning","event":"The `airflow.operators.python.PythonOperator` attribute is deprecated. Please use `'airflow.providers.standard.operators.python.PythonOperator'`.","category":"DeprecatedImportWarning","filename":"/opt/airflow/dags/pipeline_dag.py","lineno":2,"logger":"py.warnings"}
{"timestamp":"2026-03-19T08:55:50.493702Z","level":"info","event":"Task instance is in running state","logger":"task.stdout"}
{"timestamp":"2026-03-19T08:55:50.494900Z","level":"info","event":" Previous state of the Task instance: TaskInstanceState.QUEUED","logger":"task.stdout"}
{"timestamp":"2026-03-19T08:55:50.497679Z","level":"info","event":"Current task name:extract","logger":"task.stdout"}
{"timestamp":"2026-03-19T08:55:50.500496Z","level":"info","event":"Dag name:etl_pipeline_final","logger":"task.stdout"}
{"timestamp":"2026-03-19T08:55:50.501685Z","level":"info","event":"Starting Extract Task","logger":"root","filename":"pipeline_dag.py","lineno":21}
{"timestamp":"2026-03-19T08:55:50.596904Z","level":"info","event":"✅ Data Extracted Successfully","logger":"root","filename":"pipeline_dag.py","lineno":28}
{"timestamp":"2026-03-19T08:55:50.597934Z","level":"info","event":"Done. Returned value was: None","logger":"airflow.task.operators.airflow.providers.standard.operators.python.PythonOperator","filename":"python.py","lineno":230}
{"timestamp":"2026-03-19T08:55:50.637237Z","level":"info","event":"Task instance in success state","logger":"task.stdout"}
{"timestamp":"2026-03-19T08:55:50.638192Z","level":"info","event":" Previous state of the Task instance: TaskInstanceState.RUNNING","logger":"task.stdout"}
{"timestamp":"2026-03-19T08:55:50.639073Z","level":"info","event":"Task operator:<Task(PythonOperator): extract>","logger":"task.stdout"}
{"timestamp":"2026-03-19T11:43:44.004782Z","level":"info","event":"DAG bundles loaded: dags-folder, example_dags","logger":"airflow.dag_processing.bundles.manager.DagBundlesManager","filename":"manager.py","lineno":179}
{"timestamp":"2026-03-19T11:43:44.008288Z","level":"info","event":"Filling up the DagBag from /opt/airflow/dags/pipeline_dag.py","logger":"airflow.models.dagbag.BundleDagBag","filename":"dagbag.py","lineno":593}
{"timestamp":"2026-03-19T11:43:44.040360Z","level":"warning","event":"The `airflow.operators.python.PythonOperator` attribute is deprecated. Please use `'airflow.providers.standard.operators.python.PythonOperator'`.","category":"DeprecatedImportWarning","filename":"/opt/airflow/dags/pipeline_dag.py","lineno":2,"logger":"py.warnings"}
{"timestamp":"2026-03-19T11:43:44.106970Z","level":"info","event":"Task instance is in running state","logger":"task.stdout"}
{"timestamp":"2026-03-19T11:43:44.107511Z","level":"info","event":" Previous state of the Task instance: TaskInstanceState.QUEUED","logger":"task.stdout"}
{"timestamp":"2026-03-19T11:43:44.108027Z","level":"info","event":"Current task name:extract","logger":"task.stdout"}
{"timestamp":"2026-03-19T11:43:44.108454Z","level":"info","event":"Dag name:etl_pipeline_final","logger":"task.stdout"}
{"timestamp":"2026-03-19T11:43:44.109840Z","level":"info","event":"Starting Extract Task","logger":"root","filename":"pipeline_dag.py","lineno":18}
{"timestamp":"2026-03-19T11:43:44.155296Z","level":"info","event":"✅ Data Extracted Successfully","logger":"root","filename":"pipeline_dag.py","lineno":22}
{"timestamp":"2026-03-19T11:43:44.156039Z","level":"info","event":"Done. Returned value was: None","logger":"airflow.task.operators.airflow.providers.standard.operators.python.PythonOperator","filename":"python.py","lineno":230}
{"timestamp":"2026-03-19T11:43:44.199173Z","level":"info","event":"Task instance in success state","logger":"task.stdout"}
{"timestamp":"2026-03-19T11:43:44.200904Z","level":"info","event":" Previous state of the Task instance: TaskInstanceState.RUNNING","logger":"task.stdout"}
{"timestamp":"2026-03-19T11:43:44.201627Z","level":"info","event":"Task operator:<Task(PythonOperator): extract>","logger":"task.stdout"}
