{"timestamp":"2026-03-18T19:48:31.308377Z","level":"info","event":"DAG bundles loaded: dags-folder, example_dags","logger":"airflow.dag_processing.bundles.manager.DagBundlesManager","filename":"manager.py","lineno":179}
{"timestamp":"2026-03-18T19:48:31.311539Z","level":"info","event":"Filling up the DagBag from /opt/airflow/dags/pipeline_dag.py","logger":"airflow.models.dagbag.BundleDagBag","filename":"dagbag.py","lineno":593}
{"timestamp":"2026-03-18T19:48:31.334532Z","level":"warning","event":"The `airflow.operators.bash.BashOperator` attribute is deprecated. Please use `'airflow.providers.standard.operators.bash.BashOperator'`.","category":"DeprecatedImportWarning","filename":"/opt/airflow/dags/pipeline_dag.py","lineno":2,"logger":"py.warnings"}
{"timestamp":"2026-03-18T19:48:31.362293Z","level":"info","event":"Task instance is in running state","logger":"task.stdout"}
{"timestamp":"2026-03-18T19:48:31.363109Z","level":"info","event":" Previous state of the Task instance: TaskInstanceState.QUEUED","logger":"task.stdout"}
{"timestamp":"2026-03-18T19:48:31.363686Z","level":"info","event":"Current task name:load","logger":"task.stdout"}
{"timestamp":"2026-03-18T19:48:31.364186Z","level":"info","event":"Dag name:etl_pipeline_automation","logger":"task.stdout"}
{"timestamp":"2026-03-18T19:48:31.363268Z","level":"info","event":"Tmp dir root location: /tmp","logger":"airflow.task.hooks.airflow.providers.standard.hooks.subprocess.SubprocessHook","filename":"subprocess.py","lineno":78}
{"timestamp":"2026-03-18T19:48:31.364790Z","level":"info","event":"Running command: ['/usr/bin/bash', '-c', 'python /opt/airflow/scripts/load.py']","logger":"airflow.task.hooks.airflow.providers.standard.hooks.subprocess.SubprocessHook","filename":"subprocess.py","lineno":80}
{"timestamp":"2026-03-18T19:48:31.365892Z","level":"info","event":"Output:","logger":"airflow.task.hooks.airflow.providers.standard.hooks.subprocess.SubprocessHook","filename":"subprocess.py","lineno":92}
{"timestamp":"2026-03-18T19:48:32.145869Z","level":"info","event":"✅ Data Loaded","logger":"airflow.task.hooks.airflow.providers.standard.hooks.subprocess.SubprocessHook","filename":"subprocess.py","lineno":99}
{"timestamp":"2026-03-18T19:48:32.146052Z","level":"info","event":"   Education  JoiningYear  ... ExperienceInCurrentDomain  LeaveOrNot","logger":"airflow.task.hooks.airflow.providers.standard.hooks.subprocess.SubprocessHook","filename":"subprocess.py","lineno":99}
{"timestamp":"2026-03-18T19:48:32.146112Z","level":"info","event":"0  Education         2017  ...                       0.0           0","logger":"airflow.task.hooks.airflow.providers.standard.hooks.subprocess.SubprocessHook","filename":"subprocess.py","lineno":99}
{"timestamp":"2026-03-18T19:48:32.146138Z","level":"info","event":"1  Education         2013  ...                       3.3           1","logger":"airflow.task.hooks.airflow.providers.standard.hooks.subprocess.SubprocessHook","filename":"subprocess.py","lineno":99}
{"timestamp":"2026-03-18T19:48:32.146180Z","level":"info","event":"2  Education         2014  ...                       2.2           0","logger":"airflow.task.hooks.airflow.providers.standard.hooks.subprocess.SubprocessHook","filename":"subprocess.py","lineno":99}
{"timestamp":"2026-03-18T19:48:32.146213Z","level":"info","event":"3  Education         2016  ...                       5.5           1","logger":"airflow.task.hooks.airflow.providers.standard.hooks.subprocess.SubprocessHook","filename":"subprocess.py","lineno":99}
{"timestamp":"2026-03-18T19:48:32.146235Z","level":"info","event":"4  Education         2017  ...                       2.2           1","logger":"airflow.task.hooks.airflow.providers.standard.hooks.subprocess.SubprocessHook","filename":"subprocess.py","lineno":99}
{"timestamp":"2026-03-18T19:48:32.146255Z","level":"info","event":"","logger":"airflow.task.hooks.airflow.providers.standard.hooks.subprocess.SubprocessHook","filename":"subprocess.py","lineno":99}
{"timestamp":"2026-03-18T19:48:32.146276Z","level":"info","event":"[5 rows x 9 columns]","logger":"airflow.task.hooks.airflow.providers.standard.hooks.subprocess.SubprocessHook","filename":"subprocess.py","lineno":99}
{"timestamp":"2026-03-18T19:48:32.232035Z","level":"info","event":"Command exited with return code 0","logger":"airflow.task.hooks.airflow.providers.standard.hooks.subprocess.SubprocessHook","filename":"subprocess.py","lineno":103}
{"timestamp":"2026-03-18T19:48:32.232837Z","level":"info","event":"Pushing xcom","ti":"RuntimeTaskInstance(id=UUID('019d027d-f6cd-7728-8080-6f4d1f6cbddb'), task_id='load', dag_id='etl_pipeline_automation', run_id='manual__2026-03-18T19:48:22.827965+00:00', try_number=1, dag_version_id=UUID('019d0272-9cb4-7d45-aaf4-f0665eaa9406'), map_index=-1, hostname='44ba45e6951c', context_carrier={}, task=<Task(BashOperator): load>, bundle_instance=LocalDagBundle(name=dags-folder), max_tries=1, start_date=datetime.datetime(2026, 3, 18, 19, 48, 30, 932566, tzinfo=datetime.timezone.utc), end_date=None, state=<TaskInstanceState.RUNNING: 'running'>, is_mapped=False, rendered_map_index=None)","logger":"task","filename":"task_runner.py","lineno":1522}
{"timestamp":"2026-03-18T19:48:32.282187Z","level":"info","event":"Task instance in success state","logger":"task.stdout"}
{"timestamp":"2026-03-18T19:48:32.282937Z","level":"info","event":" Previous state of the Task instance: TaskInstanceState.RUNNING","logger":"task.stdout"}
{"timestamp":"2026-03-18T19:48:32.283652Z","level":"info","event":"Task operator:<Task(BashOperator): load>","logger":"task.stdout"}
